2012-09-02 20:36:52.5695 DEBUG Checking that nLogger is working from Index
2012-09-02 20:36:57.2058 WARN Unhandled exception trying to access http://localhost:1149/favicon.ico: The controller for path '/favicon.ico' was not found or does not implement IController. | Stack Trace:    at System.Web.Mvc.DefaultControllerFactory.GetControllerInstance(RequestContext requestContext, Type controllerType)
   at System.Web.Mvc.DefaultControllerFactory.CreateController(RequestContext requestContext, String controllerName)
   at System.Web.Mvc.MvcHandler.ProcessRequestInit(HttpContextBase httpContext, IController& controller, IControllerFactory& factory)
   at System.Web.Mvc.MvcHandler.<>c__DisplayClass6.<BeginProcessRequest>b__2()
   at System.Web.Mvc.SecurityUtil.<>c__DisplayClassb`1.<ProcessInApplicationTrust>b__a()
   at System.Web.Mvc.SecurityUtil.<GetCallInAppTrustThunk>b__0(Action f)
   at System.Web.Mvc.SecurityUtil.ProcessInApplicationTrust(Action action)
   at System.Web.Mvc.SecurityUtil.ProcessInApplicationTrust[TResult](Func`1 func)
   at System.Web.Mvc.MvcHandler.BeginProcessRequest(HttpContextBase httpContext, AsyncCallback callback, Object state)
   at System.Web.Mvc.MvcHandler.BeginProcessRequest(HttpContext httpContext, AsyncCallback callback, Object state)
   at System.Web.Mvc.MvcHandler.System.Web.IHttpAsyncHandler.BeginProcessRequest(HttpContext context, AsyncCallback cb, Object extraData)
   at System.Web.HttpApplication.CallHandlerExecutionStep.System.Web.HttpApplication.IExecutionStep.Execute()
   at System.Web.HttpApplication.ExecuteStep(IExecutionStep step, Boolean& completedSynchronously)
2012-09-02 20:37:55.7911 WARN Unhandled exception trying to access http://localhost:1149/favicon.ico: The controller for path '/favicon.ico' was not found or does not implement IController. | Stack Trace:    at System.Web.Mvc.DefaultControllerFactory.GetControllerInstance(RequestContext requestContext, Type controllerType)
   at System.Web.Mvc.DefaultControllerFactory.CreateController(RequestContext requestContext, String controllerName)
   at System.Web.Mvc.MvcHandler.ProcessRequestInit(HttpContextBase httpContext, IController& controller, IControllerFactory& factory)
   at System.Web.Mvc.MvcHandler.<>c__DisplayClass6.<BeginProcessRequest>b__2()
   at System.Web.Mvc.SecurityUtil.<>c__DisplayClassb`1.<ProcessInApplicationTrust>b__a()
   at System.Web.Mvc.SecurityUtil.<GetCallInAppTrustThunk>b__0(Action f)
   at System.Web.Mvc.SecurityUtil.ProcessInApplicationTrust(Action action)
   at System.Web.Mvc.SecurityUtil.ProcessInApplicationTrust[TResult](Func`1 func)
   at System.Web.Mvc.MvcHandler.BeginProcessRequest(HttpContextBase httpContext, AsyncCallback callback, Object state)
   at System.Web.Mvc.MvcHandler.BeginProcessRequest(HttpContext httpContext, AsyncCallback callback, Object state)
   at System.Web.Mvc.MvcHandler.System.Web.IHttpAsyncHandler.BeginProcessRequest(HttpContext context, AsyncCallback cb, Object extraData)
   at System.Web.HttpApplication.CallHandlerExecutionStep.System.Web.HttpApplication.IExecutionStep.Execute()
   at System.Web.HttpApplication.ExecuteStep(IExecutionStep step, Boolean& completedSynchronously)
2012-09-02 20:38:00.3604 WARN Unhandled exception trying to access http://localhost:1149/favicon.ico: The controller for path '/favicon.ico' was not found or does not implement IController. | Stack Trace:    at System.Web.Mvc.DefaultControllerFactory.GetControllerInstance(RequestContext requestContext, Type controllerType)
   at System.Web.Mvc.DefaultControllerFactory.CreateController(RequestContext requestContext, String controllerName)
   at System.Web.Mvc.MvcHandler.ProcessRequestInit(HttpContextBase httpContext, IController& controller, IControllerFactory& factory)
   at System.Web.Mvc.MvcHandler.<>c__DisplayClass6.<BeginProcessRequest>b__2()
   at System.Web.Mvc.SecurityUtil.<>c__DisplayClassb`1.<ProcessInApplicationTrust>b__a()
   at System.Web.Mvc.SecurityUtil.<GetCallInAppTrustThunk>b__0(Action f)
   at System.Web.Mvc.SecurityUtil.ProcessInApplicationTrust(Action action)
   at System.Web.Mvc.SecurityUtil.ProcessInApplicationTrust[TResult](Func`1 func)
   at System.Web.Mvc.MvcHandler.BeginProcessRequest(HttpContextBase httpContext, AsyncCallback callback, Object state)
   at System.Web.Mvc.MvcHandler.BeginProcessRequest(HttpContext httpContext, AsyncCallback callback, Object state)
   at System.Web.Mvc.MvcHandler.System.Web.IHttpAsyncHandler.BeginProcessRequest(HttpContext context, AsyncCallback cb, Object extraData)
   at System.Web.HttpApplication.CallHandlerExecutionStep.System.Web.HttpApplication.IExecutionStep.Execute()
   at System.Web.HttpApplication.ExecuteStep(IExecutionStep step, Boolean& completedSynchronously)
2012-09-02 21:14:39.2552 DEBUG Checking that nLogger is working from Index
2012-09-02 21:14:42.9964 WARN Unhandled exception trying to access http://localhost:1149/favicon.ico: The controller for path '/favicon.ico' was not found or does not implement IController. | Stack Trace:    at System.Web.Mvc.DefaultControllerFactory.GetControllerInstance(RequestContext requestContext, Type controllerType)
   at System.Web.Mvc.DefaultControllerFactory.CreateController(RequestContext requestContext, String controllerName)
   at System.Web.Mvc.MvcHandler.ProcessRequestInit(HttpContextBase httpContext, IController& controller, IControllerFactory& factory)
   at System.Web.Mvc.MvcHandler.<>c__DisplayClass6.<BeginProcessRequest>b__2()
   at System.Web.Mvc.SecurityUtil.<>c__DisplayClassb`1.<ProcessInApplicationTrust>b__a()
   at System.Web.Mvc.SecurityUtil.<GetCallInAppTrustThunk>b__0(Action f)
   at System.Web.Mvc.SecurityUtil.ProcessInApplicationTrust(Action action)
   at System.Web.Mvc.SecurityUtil.ProcessInApplicationTrust[TResult](Func`1 func)
   at System.Web.Mvc.MvcHandler.BeginProcessRequest(HttpContextBase httpContext, AsyncCallback callback, Object state)
   at System.Web.Mvc.MvcHandler.BeginProcessRequest(HttpContext httpContext, AsyncCallback callback, Object state)
   at System.Web.Mvc.MvcHandler.System.Web.IHttpAsyncHandler.BeginProcessRequest(HttpContext context, AsyncCallback cb, Object extraData)
   at System.Web.HttpApplication.CallHandlerExecutionStep.System.Web.HttpApplication.IExecutionStep.Execute()
   at System.Web.HttpApplication.ExecuteStep(IExecutionStep step, Boolean& completedSynchronously)
2012-09-02 21:14:45.9176 WARN Unhandled exception trying to access http://localhost:1149/favicon.ico: The controller for path '/favicon.ico' was not found or does not implement IController. | Stack Trace:    at System.Web.Mvc.DefaultControllerFactory.GetControllerInstance(RequestContext requestContext, Type controllerType)
   at System.Web.Mvc.DefaultControllerFactory.CreateController(RequestContext requestContext, String controllerName)
   at System.Web.Mvc.MvcHandler.ProcessRequestInit(HttpContextBase httpContext, IController& controller, IControllerFactory& factory)
   at System.Web.Mvc.MvcHandler.<>c__DisplayClass6.<BeginProcessRequest>b__2()
   at System.Web.Mvc.SecurityUtil.<>c__DisplayClassb`1.<ProcessInApplicationTrust>b__a()
   at System.Web.Mvc.SecurityUtil.<GetCallInAppTrustThunk>b__0(Action f)
   at System.Web.Mvc.SecurityUtil.ProcessInApplicationTrust(Action action)
   at System.Web.Mvc.SecurityUtil.ProcessInApplicationTrust[TResult](Func`1 func)
   at System.Web.Mvc.MvcHandler.BeginProcessRequest(HttpContextBase httpContext, AsyncCallback callback, Object state)
   at System.Web.Mvc.MvcHandler.BeginProcessRequest(HttpContext httpContext, AsyncCallback callback, Object state)
   at System.Web.Mvc.MvcHandler.System.Web.IHttpAsyncHandler.BeginProcessRequest(HttpContext context, AsyncCallback cb, Object extraData)
   at System.Web.HttpApplication.CallHandlerExecutionStep.System.Web.HttpApplication.IExecutionStep.Execute()
   at System.Web.HttpApplication.ExecuteStep(IExecutionStep step, Boolean& completedSynchronously)
2012-09-02 21:14:48.5077 WARN Unhandled exception trying to access http://localhost:1149/favicon.ico: The controller for path '/favicon.ico' was not found or does not implement IController. | Stack Trace:    at System.Web.Mvc.DefaultControllerFactory.GetControllerInstance(RequestContext requestContext, Type controllerType)
   at System.Web.Mvc.DefaultControllerFactory.CreateController(RequestContext requestContext, String controllerName)
   at System.Web.Mvc.MvcHandler.ProcessRequestInit(HttpContextBase httpContext, IController& controller, IControllerFactory& factory)
   at System.Web.Mvc.MvcHandler.<>c__DisplayClass6.<BeginProcessRequest>b__2()
   at System.Web.Mvc.SecurityUtil.<>c__DisplayClassb`1.<ProcessInApplicationTrust>b__a()
   at System.Web.Mvc.SecurityUtil.<GetCallInAppTrustThunk>b__0(Action f)
   at System.Web.Mvc.SecurityUtil.ProcessInApplicationTrust(Action action)
   at System.Web.Mvc.SecurityUtil.ProcessInApplicationTrust[TResult](Func`1 func)
   at System.Web.Mvc.MvcHandler.BeginProcessRequest(HttpContextBase httpContext, AsyncCallback callback, Object state)
   at System.Web.Mvc.MvcHandler.BeginProcessRequest(HttpContext httpContext, AsyncCallback callback, Object state)
   at System.Web.Mvc.MvcHandler.System.Web.IHttpAsyncHandler.BeginProcessRequest(HttpContext context, AsyncCallback cb, Object extraData)
   at System.Web.HttpApplication.CallHandlerExecutionStep.System.Web.HttpApplication.IExecutionStep.Execute()
   at System.Web.HttpApplication.ExecuteStep(IExecutionStep step, Boolean& completedSynchronously)
2012-09-02 21:14:50.3448 WARN Unhandled exception trying to access http://localhost:1149/favicon.ico: The controller for path '/favicon.ico' was not found or does not implement IController. | Stack Trace:    at System.Web.Mvc.DefaultControllerFactory.GetControllerInstance(RequestContext requestContext, Type controllerType)
   at System.Web.Mvc.DefaultControllerFactory.CreateController(RequestContext requestContext, String controllerName)
   at System.Web.Mvc.MvcHandler.ProcessRequestInit(HttpContextBase httpContext, IController& controller, IControllerFactory& factory)
   at System.Web.Mvc.MvcHandler.<>c__DisplayClass6.<BeginProcessRequest>b__2()
   at System.Web.Mvc.SecurityUtil.<>c__DisplayClassb`1.<ProcessInApplicationTrust>b__a()
   at System.Web.Mvc.SecurityUtil.<GetCallInAppTrustThunk>b__0(Action f)
   at System.Web.Mvc.SecurityUtil.ProcessInApplicationTrust(Action action)
   at System.Web.Mvc.SecurityUtil.ProcessInApplicationTrust[TResult](Func`1 func)
   at System.Web.Mvc.MvcHandler.BeginProcessRequest(HttpContextBase httpContext, AsyncCallback callback, Object state)
   at System.Web.Mvc.MvcHandler.BeginProcessRequest(HttpContext httpContext, AsyncCallback callback, Object state)
   at System.Web.Mvc.MvcHandler.System.Web.IHttpAsyncHandler.BeginProcessRequest(HttpContext context, AsyncCallback cb, Object extraData)
   at System.Web.HttpApplication.CallHandlerExecutionStep.System.Web.HttpApplication.IExecutionStep.Execute()
   at System.Web.HttpApplication.ExecuteStep(IExecutionStep step, Boolean& completedSynchronously)
2012-09-02 21:14:55.2291 WARN Unhandled exception trying to access http://localhost:1149/favicon.ico: The controller for path '/favicon.ico' was not found or does not implement IController. | Stack Trace:    at System.Web.Mvc.DefaultControllerFactory.GetControllerInstance(RequestContext requestContext, Type controllerType)
   at System.Web.Mvc.DefaultControllerFactory.CreateController(RequestContext requestContext, String controllerName)
   at System.Web.Mvc.MvcHandler.ProcessRequestInit(HttpContextBase httpContext, IController& controller, IControllerFactory& factory)
   at System.Web.Mvc.MvcHandler.<>c__DisplayClass6.<BeginProcessRequest>b__2()
   at System.Web.Mvc.SecurityUtil.<>c__DisplayClassb`1.<ProcessInApplicationTrust>b__a()
   at System.Web.Mvc.SecurityUtil.<GetCallInAppTrustThunk>b__0(Action f)
   at System.Web.Mvc.SecurityUtil.ProcessInApplicationTrust(Action action)
   at System.Web.Mvc.SecurityUtil.ProcessInApplicationTrust[TResult](Func`1 func)
   at System.Web.Mvc.MvcHandler.BeginProcessRequest(HttpContextBase httpContext, AsyncCallback callback, Object state)
   at System.Web.Mvc.MvcHandler.BeginProcessRequest(HttpContext httpContext, AsyncCallback callback, Object state)
   at System.Web.Mvc.MvcHandler.System.Web.IHttpAsyncHandler.BeginProcessRequest(HttpContext context, AsyncCallback cb, Object extraData)
   at System.Web.HttpApplication.CallHandlerExecutionStep.System.Web.HttpApplication.IExecutionStep.Execute()
   at System.Web.HttpApplication.ExecuteStep(IExecutionStep step, Boolean& completedSynchronously)
2012-09-02 21:18:21.3399 DEBUG Checking that nLogger is working from Index
2012-09-02 21:18:23.0640 WARN Unhandled exception trying to access http://localhost:1149/favicon.ico: The controller for path '/favicon.ico' was not found or does not implement IController. | Stack Trace:    at System.Web.Mvc.DefaultControllerFactory.GetControllerInstance(RequestContext requestContext, Type controllerType)
   at System.Web.Mvc.DefaultControllerFactory.CreateController(RequestContext requestContext, String controllerName)
   at System.Web.Mvc.MvcHandler.ProcessRequestInit(HttpContextBase httpContext, IController& controller, IControllerFactory& factory)
   at System.Web.Mvc.MvcHandler.<>c__DisplayClass6.<BeginProcessRequest>b__2()
   at System.Web.Mvc.SecurityUtil.<>c__DisplayClassb`1.<ProcessInApplicationTrust>b__a()
   at System.Web.Mvc.SecurityUtil.<GetCallInAppTrustThunk>b__0(Action f)
   at System.Web.Mvc.SecurityUtil.ProcessInApplicationTrust(Action action)
   at System.Web.Mvc.SecurityUtil.ProcessInApplicationTrust[TResult](Func`1 func)
   at System.Web.Mvc.MvcHandler.BeginProcessRequest(HttpContextBase httpContext, AsyncCallback callback, Object state)
   at System.Web.Mvc.MvcHandler.BeginProcessRequest(HttpContext httpContext, AsyncCallback callback, Object state)
   at System.Web.Mvc.MvcHandler.System.Web.IHttpAsyncHandler.BeginProcessRequest(HttpContext context, AsyncCallback cb, Object extraData)
   at System.Web.HttpApplication.CallHandlerExecutionStep.System.Web.HttpApplication.IExecutionStep.Execute()
   at System.Web.HttpApplication.ExecuteStep(IExecutionStep step, Boolean& completedSynchronously)
2012-09-02 21:55:04.4143 DEBUG Checking that nLogger is working from Index
2012-09-02 21:55:08.4675 WARN Unhandled exception trying to access http://localhost:1149/favicon.ico: The controller for path '/favicon.ico' was not found or does not implement IController. | Stack Trace:    at System.Web.Mvc.DefaultControllerFactory.GetControllerInstance(RequestContext requestContext, Type controllerType)
   at System.Web.Mvc.DefaultControllerFactory.CreateController(RequestContext requestContext, String controllerName)
   at System.Web.Mvc.MvcHandler.ProcessRequestInit(HttpContextBase httpContext, IController& controller, IControllerFactory& factory)
   at System.Web.Mvc.MvcHandler.<>c__DisplayClass6.<BeginProcessRequest>b__2()
   at System.Web.Mvc.SecurityUtil.<>c__DisplayClassb`1.<ProcessInApplicationTrust>b__a()
   at System.Web.Mvc.SecurityUtil.<GetCallInAppTrustThunk>b__0(Action f)
   at System.Web.Mvc.SecurityUtil.ProcessInApplicationTrust(Action action)
   at System.Web.Mvc.SecurityUtil.ProcessInApplicationTrust[TResult](Func`1 func)
   at System.Web.Mvc.MvcHandler.BeginProcessRequest(HttpContextBase httpContext, AsyncCallback callback, Object state)
   at System.Web.Mvc.MvcHandler.BeginProcessRequest(HttpContext httpContext, AsyncCallback callback, Object state)
   at System.Web.Mvc.MvcHandler.System.Web.IHttpAsyncHandler.BeginProcessRequest(HttpContext context, AsyncCallback cb, Object extraData)
   at System.Web.HttpApplication.CallHandlerExecutionStep.System.Web.HttpApplication.IExecutionStep.Execute()
   at System.Web.HttpApplication.ExecuteStep(IExecutionStep step, Boolean& completedSynchronously)
2012-09-02 21:55:10.5976 WARN Unhandled exception trying to access http://localhost:1149/favicon.ico: The controller for path '/favicon.ico' was not found or does not implement IController. | Stack Trace:    at System.Web.Mvc.DefaultControllerFactory.GetControllerInstance(RequestContext requestContext, Type controllerType)
   at System.Web.Mvc.DefaultControllerFactory.CreateController(RequestContext requestContext, String controllerName)
   at System.Web.Mvc.MvcHandler.ProcessRequestInit(HttpContextBase httpContext, IController& controller, IControllerFactory& factory)
   at System.Web.Mvc.MvcHandler.<>c__DisplayClass6.<BeginProcessRequest>b__2()
   at System.Web.Mvc.SecurityUtil.<>c__DisplayClassb`1.<ProcessInApplicationTrust>b__a()
   at System.Web.Mvc.SecurityUtil.<GetCallInAppTrustThunk>b__0(Action f)
   at System.Web.Mvc.SecurityUtil.ProcessInApplicationTrust(Action action)
   at System.Web.Mvc.SecurityUtil.ProcessInApplicationTrust[TResult](Func`1 func)
   at System.Web.Mvc.MvcHandler.BeginProcessRequest(HttpContextBase httpContext, AsyncCallback callback, Object state)
   at System.Web.Mvc.MvcHandler.BeginProcessRequest(HttpContext httpContext, AsyncCallback callback, Object state)
   at System.Web.Mvc.MvcHandler.System.Web.IHttpAsyncHandler.BeginProcessRequest(HttpContext context, AsyncCallback cb, Object extraData)
   at System.Web.HttpApplication.CallHandlerExecutionStep.System.Web.HttpApplication.IExecutionStep.Execute()
   at System.Web.HttpApplication.ExecuteStep(IExecutionStep step, Boolean& completedSynchronously)
2012-09-02 21:55:12.9677 WARN Unhandled exception trying to access http://localhost:1149/favicon.ico: The controller for path '/favicon.ico' was not found or does not implement IController. | Stack Trace:    at System.Web.Mvc.DefaultControllerFactory.GetControllerInstance(RequestContext requestContext, Type controllerType)
   at System.Web.Mvc.DefaultControllerFactory.CreateController(RequestContext requestContext, String controllerName)
   at System.Web.Mvc.MvcHandler.ProcessRequestInit(HttpContextBase httpContext, IController& controller, IControllerFactory& factory)
   at System.Web.Mvc.MvcHandler.<>c__DisplayClass6.<BeginProcessRequest>b__2()
   at System.Web.Mvc.SecurityUtil.<>c__DisplayClassb`1.<ProcessInApplicationTrust>b__a()
   at System.Web.Mvc.SecurityUtil.<GetCallInAppTrustThunk>b__0(Action f)
   at System.Web.Mvc.SecurityUtil.ProcessInApplicationTrust(Action action)
   at System.Web.Mvc.SecurityUtil.ProcessInApplicationTrust[TResult](Func`1 func)
   at System.Web.Mvc.MvcHandler.BeginProcessRequest(HttpContextBase httpContext, AsyncCallback callback, Object state)
   at System.Web.Mvc.MvcHandler.BeginProcessRequest(HttpContext httpContext, AsyncCallback callback, Object state)
   at System.Web.Mvc.MvcHandler.System.Web.IHttpAsyncHandler.BeginProcessRequest(HttpContext context, AsyncCallback cb, Object extraData)
   at System.Web.HttpApplication.CallHandlerExecutionStep.System.Web.HttpApplication.IExecutionStep.Execute()
   at System.Web.HttpApplication.ExecuteStep(IExecutionStep step, Boolean& completedSynchronously)
2012-09-02 21:55:14.6368 WARN Unhandled exception trying to access http://localhost:1149/favicon.ico: The controller for path '/favicon.ico' was not found or does not implement IController. | Stack Trace:    at System.Web.Mvc.DefaultControllerFactory.GetControllerInstance(RequestContext requestContext, Type controllerType)
   at System.Web.Mvc.DefaultControllerFactory.CreateController(RequestContext requestContext, String controllerName)
   at System.Web.Mvc.MvcHandler.ProcessRequestInit(HttpContextBase httpContext, IController& controller, IControllerFactory& factory)
   at System.Web.Mvc.MvcHandler.<>c__DisplayClass6.<BeginProcessRequest>b__2()
   at System.Web.Mvc.SecurityUtil.<>c__DisplayClassb`1.<ProcessInApplicationTrust>b__a()
   at System.Web.Mvc.SecurityUtil.<GetCallInAppTrustThunk>b__0(Action f)
   at System.Web.Mvc.SecurityUtil.ProcessInApplicationTrust(Action action)
   at System.Web.Mvc.SecurityUtil.ProcessInApplicationTrust[TResult](Func`1 func)
   at System.Web.Mvc.MvcHandler.BeginProcessRequest(HttpContextBase httpContext, AsyncCallback callback, Object state)
   at System.Web.Mvc.MvcHandler.BeginProcessRequest(HttpContext httpContext, AsyncCallback callback, Object state)
   at System.Web.Mvc.MvcHandler.System.Web.IHttpAsyncHandler.BeginProcessRequest(HttpContext context, AsyncCallback cb, Object extraData)
   at System.Web.HttpApplication.CallHandlerExecutionStep.System.Web.HttpApplication.IExecutionStep.Execute()
   at System.Web.HttpApplication.ExecuteStep(IExecutionStep step, Boolean& completedSynchronously)
2012-09-02 21:55:19.1931 WARN Unhandled exception trying to access http://localhost:1149/favicon.ico: The controller for path '/favicon.ico' was not found or does not implement IController. | Stack Trace:    at System.Web.Mvc.DefaultControllerFactory.GetControllerInstance(RequestContext requestContext, Type controllerType)
   at System.Web.Mvc.DefaultControllerFactory.CreateController(RequestContext requestContext, String controllerName)
   at System.Web.Mvc.MvcHandler.ProcessRequestInit(HttpContextBase httpContext, IController& controller, IControllerFactory& factory)
   at System.Web.Mvc.MvcHandler.<>c__DisplayClass6.<BeginProcessRequest>b__2()
   at System.Web.Mvc.SecurityUtil.<>c__DisplayClassb`1.<ProcessInApplicationTrust>b__a()
   at System.Web.Mvc.SecurityUtil.<GetCallInAppTrustThunk>b__0(Action f)
   at System.Web.Mvc.SecurityUtil.ProcessInApplicationTrust(Action action)
   at System.Web.Mvc.SecurityUtil.ProcessInApplicationTrust[TResult](Func`1 func)
   at System.Web.Mvc.MvcHandler.BeginProcessRequest(HttpContextBase httpContext, AsyncCallback callback, Object state)
   at System.Web.Mvc.MvcHandler.BeginProcessRequest(HttpContext httpContext, AsyncCallback callback, Object state)
   at System.Web.Mvc.MvcHandler.System.Web.IHttpAsyncHandler.BeginProcessRequest(HttpContext context, AsyncCallback cb, Object extraData)
   at System.Web.HttpApplication.CallHandlerExecutionStep.System.Web.HttpApplication.IExecutionStep.Execute()
   at System.Web.HttpApplication.ExecuteStep(IExecutionStep step, Boolean& completedSynchronously)
2012-09-02 21:55:38.6152 WARN Unhandled exception trying to access http://localhost:1149/favicon.ico: The controller for path '/favicon.ico' was not found or does not implement IController. | Stack Trace:    at System.Web.Mvc.DefaultControllerFactory.GetControllerInstance(RequestContext requestContext, Type controllerType)
   at System.Web.Mvc.DefaultControllerFactory.CreateController(RequestContext requestContext, String controllerName)
   at System.Web.Mvc.MvcHandler.ProcessRequestInit(HttpContextBase httpContext, IController& controller, IControllerFactory& factory)
   at System.Web.Mvc.MvcHandler.<>c__DisplayClass6.<BeginProcessRequest>b__2()
   at System.Web.Mvc.SecurityUtil.<>c__DisplayClassb`1.<ProcessInApplicationTrust>b__a()
   at System.Web.Mvc.SecurityUtil.<GetCallInAppTrustThunk>b__0(Action f)
   at System.Web.Mvc.SecurityUtil.ProcessInApplicationTrust(Action action)
   at System.Web.Mvc.SecurityUtil.ProcessInApplicationTrust[TResult](Func`1 func)
   at System.Web.Mvc.MvcHandler.BeginProcessRequest(HttpContextBase httpContext, AsyncCallback callback, Object state)
   at System.Web.Mvc.MvcHandler.BeginProcessRequest(HttpContext httpContext, AsyncCallback callback, Object state)
   at System.Web.Mvc.MvcHandler.System.Web.IHttpAsyncHandler.BeginProcessRequest(HttpContext context, AsyncCallback cb, Object extraData)
   at System.Web.HttpApplication.CallHandlerExecutionStep.System.Web.HttpApplication.IExecutionStep.Execute()
   at System.Web.HttpApplication.ExecuteStep(IExecutionStep step, Boolean& completedSynchronously)
2012-09-02 21:55:47.5237 WARN Unhandled exception trying to access http://localhost:1149/favicon.ico: The controller for path '/favicon.ico' was not found or does not implement IController. | Stack Trace:    at System.Web.Mvc.DefaultControllerFactory.GetControllerInstance(RequestContext requestContext, Type controllerType)
   at System.Web.Mvc.DefaultControllerFactory.CreateController(RequestContext requestContext, String controllerName)
   at System.Web.Mvc.MvcHandler.ProcessRequestInit(HttpContextBase httpContext, IController& controller, IControllerFactory& factory)
   at System.Web.Mvc.MvcHandler.<>c__DisplayClass6.<BeginProcessRequest>b__2()
   at System.Web.Mvc.SecurityUtil.<>c__DisplayClassb`1.<ProcessInApplicationTrust>b__a()
   at System.Web.Mvc.SecurityUtil.<GetCallInAppTrustThunk>b__0(Action f)
   at System.Web.Mvc.SecurityUtil.ProcessInApplicationTrust(Action action)
   at System.Web.Mvc.SecurityUtil.ProcessInApplicationTrust[TResult](Func`1 func)
   at System.Web.Mvc.MvcHandler.BeginProcessRequest(HttpContextBase httpContext, AsyncCallback callback, Object state)
   at System.Web.Mvc.MvcHandler.BeginProcessRequest(HttpContext httpContext, AsyncCallback callback, Object state)
   at System.Web.Mvc.MvcHandler.System.Web.IHttpAsyncHandler.BeginProcessRequest(HttpContext context, AsyncCallback cb, Object extraData)
   at System.Web.HttpApplication.CallHandlerExecutionStep.System.Web.HttpApplication.IExecutionStep.Execute()
   at System.Web.HttpApplication.ExecuteStep(IExecutionStep step, Boolean& completedSynchronously)
2012-09-02 21:55:50.7039 WARN Unhandled exception trying to access http://localhost:1149/favicon.ico: The controller for path '/favicon.ico' was not found or does not implement IController. | Stack Trace:    at System.Web.Mvc.DefaultControllerFactory.GetControllerInstance(RequestContext requestContext, Type controllerType)
   at System.Web.Mvc.DefaultControllerFactory.CreateController(RequestContext requestContext, String controllerName)
   at System.Web.Mvc.MvcHandler.ProcessRequestInit(HttpContextBase httpContext, IController& controller, IControllerFactory& factory)
   at System.Web.Mvc.MvcHandler.<>c__DisplayClass6.<BeginProcessRequest>b__2()
   at System.Web.Mvc.SecurityUtil.<>c__DisplayClassb`1.<ProcessInApplicationTrust>b__a()
   at System.Web.Mvc.SecurityUtil.<GetCallInAppTrustThunk>b__0(Action f)
   at System.Web.Mvc.SecurityUtil.ProcessInApplicationTrust(Action action)
   at System.Web.Mvc.SecurityUtil.ProcessInApplicationTrust[TResult](Func`1 func)
   at System.Web.Mvc.MvcHandler.BeginProcessRequest(HttpContextBase httpContext, AsyncCallback callback, Object state)
   at System.Web.Mvc.MvcHandler.BeginProcessRequest(HttpContext httpContext, AsyncCallback callback, Object state)
   at System.Web.Mvc.MvcHandler.System.Web.IHttpAsyncHandler.BeginProcessRequest(HttpContext context, AsyncCallback cb, Object extraData)
   at System.Web.HttpApplication.CallHandlerExecutionStep.System.Web.HttpApplication.IExecutionStep.Execute()
   at System.Web.HttpApplication.ExecuteStep(IExecutionStep step, Boolean& completedSynchronously)
2012-09-02 21:55:52.1790 WARN Unhandled exception trying to access http://localhost:1149/favicon.ico: The controller for path '/favicon.ico' was not found or does not implement IController. | Stack Trace:    at System.Web.Mvc.DefaultControllerFactory.GetControllerInstance(RequestContext requestContext, Type controllerType)
   at System.Web.Mvc.DefaultControllerFactory.CreateController(RequestContext requestContext, String controllerName)
   at System.Web.Mvc.MvcHandler.ProcessRequestInit(HttpContextBase httpContext, IController& controller, IControllerFactory& factory)
   at System.Web.Mvc.MvcHandler.<>c__DisplayClass6.<BeginProcessRequest>b__2()
   at System.Web.Mvc.SecurityUtil.<>c__DisplayClassb`1.<ProcessInApplicationTrust>b__a()
   at System.Web.Mvc.SecurityUtil.<GetCallInAppTrustThunk>b__0(Action f)
   at System.Web.Mvc.SecurityUtil.ProcessInApplicationTrust(Action action)
   at System.Web.Mvc.SecurityUtil.ProcessInApplicationTrust[TResult](Func`1 func)
   at System.Web.Mvc.MvcHandler.BeginProcessRequest(HttpContextBase httpContext, AsyncCallback callback, Object state)
   at System.Web.Mvc.MvcHandler.BeginProcessRequest(HttpContext httpContext, AsyncCallback callback, Object state)
   at System.Web.Mvc.MvcHandler.System.Web.IHttpAsyncHandler.BeginProcessRequest(HttpContext context, AsyncCallback cb, Object extraData)
   at System.Web.HttpApplication.CallHandlerExecutionStep.System.Web.HttpApplication.IExecutionStep.Execute()
   at System.Web.HttpApplication.ExecuteStep(IExecutionStep step, Boolean& completedSynchronously)
2012-09-02 21:55:57.5792 WARN Unhandled exception trying to access http://localhost:1149/favicon.ico: The controller for path '/favicon.ico' was not found or does not implement IController. | Stack Trace:    at System.Web.Mvc.DefaultControllerFactory.GetControllerInstance(RequestContext requestContext, Type controllerType)
   at System.Web.Mvc.DefaultControllerFactory.CreateController(RequestContext requestContext, String controllerName)
   at System.Web.Mvc.MvcHandler.ProcessRequestInit(HttpContextBase httpContext, IController& controller, IControllerFactory& factory)
   at System.Web.Mvc.MvcHandler.<>c__DisplayClass6.<BeginProcessRequest>b__2()
   at System.Web.Mvc.SecurityUtil.<>c__DisplayClassb`1.<ProcessInApplicationTrust>b__a()
   at System.Web.Mvc.SecurityUtil.<GetCallInAppTrustThunk>b__0(Action f)
   at System.Web.Mvc.SecurityUtil.ProcessInApplicationTrust(Action action)
   at System.Web.Mvc.SecurityUtil.ProcessInApplicationTrust[TResult](Func`1 func)
   at System.Web.Mvc.MvcHandler.BeginProcessRequest(HttpContextBase httpContext, AsyncCallback callback, Object state)
   at System.Web.Mvc.MvcHandler.BeginProcessRequest(HttpContext httpContext, AsyncCallback callback, Object state)
   at System.Web.Mvc.MvcHandler.System.Web.IHttpAsyncHandler.BeginProcessRequest(HttpContext context, AsyncCallback cb, Object extraData)
   at System.Web.HttpApplication.CallHandlerExecutionStep.System.Web.HttpApplication.IExecutionStep.Execute()
   at System.Web.HttpApplication.ExecuteStep(IExecutionStep step, Boolean& completedSynchronously)
2012-09-02 21:56:04.7456 WARN Unhandled exception trying to access http://localhost:1149/favicon.ico: The controller for path '/favicon.ico' was not found or does not implement IController. | Stack Trace:    at System.Web.Mvc.DefaultControllerFactory.GetControllerInstance(RequestContext requestContext, Type controllerType)
   at System.Web.Mvc.DefaultControllerFactory.CreateController(RequestContext requestContext, String controllerName)
   at System.Web.Mvc.MvcHandler.ProcessRequestInit(HttpContextBase httpContext, IController& controller, IControllerFactory& factory)
   at System.Web.Mvc.MvcHandler.<>c__DisplayClass6.<BeginProcessRequest>b__2()
   at System.Web.Mvc.SecurityUtil.<>c__DisplayClassb`1.<ProcessInApplicationTrust>b__a()
   at System.Web.Mvc.SecurityUtil.<GetCallInAppTrustThunk>b__0(Action f)
   at System.Web.Mvc.SecurityUtil.ProcessInApplicationTrust(Action action)
   at System.Web.Mvc.SecurityUtil.ProcessInApplicationTrust[TResult](Func`1 func)
   at System.Web.Mvc.MvcHandler.BeginProcessRequest(HttpContextBase httpContext, AsyncCallback callback, Object state)
   at System.Web.Mvc.MvcHandler.BeginProcessRequest(HttpContext httpContext, AsyncCallback callback, Object state)
   at System.Web.Mvc.MvcHandler.System.Web.IHttpAsyncHandler.BeginProcessRequest(HttpContext context, AsyncCallback cb, Object extraData)
   at System.Web.HttpApplication.CallHandlerExecutionStep.System.Web.HttpApplication.IExecutionStep.Execute()
   at System.Web.HttpApplication.ExecuteStep(IExecutionStep step, Boolean& completedSynchronously)
