2012-09-29 17:37:06.8962 DEBUG Checking that nLogger is working from Index
2012-09-29 17:37:16.9648 WARN Unhandled exception trying to access http://localhost:1149/favicon.ico: The controller for path '/favicon.ico' was not found or does not implement IController. | Stack Trace:    at System.Web.Mvc.DefaultControllerFactory.GetControllerInstance(RequestContext requestContext, Type controllerType)
   at System.Web.Mvc.DefaultControllerFactory.CreateController(RequestContext requestContext, String controllerName)
   at System.Web.Mvc.MvcHandler.ProcessRequestInit(HttpContextBase httpContext, IController& controller, IControllerFactory& factory)
   at System.Web.Mvc.MvcHandler.<>c__DisplayClass6.<BeginProcessRequest>b__2()
   at System.Web.Mvc.SecurityUtil.<>c__DisplayClassb`1.<ProcessInApplicationTrust>b__a()
   at System.Web.Mvc.SecurityUtil.<GetCallInAppTrustThunk>b__0(Action f)
   at System.Web.Mvc.SecurityUtil.ProcessInApplicationTrust(Action action)
   at System.Web.Mvc.SecurityUtil.ProcessInApplicationTrust[TResult](Func`1 func)
   at System.Web.Mvc.MvcHandler.BeginProcessRequest(HttpContextBase httpContext, AsyncCallback callback, Object state)
   at System.Web.Mvc.MvcHandler.BeginProcessRequest(HttpContext httpContext, AsyncCallback callback, Object state)
   at System.Web.Mvc.MvcHandler.System.Web.IHttpAsyncHandler.BeginProcessRequest(HttpContext context, AsyncCallback cb, Object extraData)
   at System.Web.HttpApplication.CallHandlerExecutionStep.System.Web.HttpApplication.IExecutionStep.Execute()
   at System.Web.HttpApplication.ExecuteStep(IExecutionStep step, Boolean& completedSynchronously)
2012-09-29 17:38:07.8217 WARN Unhandled exception trying to access http://localhost:1149/favicon.ico: The controller for path '/favicon.ico' was not found or does not implement IController. | Stack Trace:    at System.Web.Mvc.DefaultControllerFactory.GetControllerInstance(RequestContext requestContext, Type controllerType)
   at System.Web.Mvc.DefaultControllerFactory.CreateController(RequestContext requestContext, String controllerName)
   at System.Web.Mvc.MvcHandler.ProcessRequestInit(HttpContextBase httpContext, IController& controller, IControllerFactory& factory)
   at System.Web.Mvc.MvcHandler.<>c__DisplayClass6.<BeginProcessRequest>b__2()
   at System.Web.Mvc.SecurityUtil.<>c__DisplayClassb`1.<ProcessInApplicationTrust>b__a()
   at System.Web.Mvc.SecurityUtil.<GetCallInAppTrustThunk>b__0(Action f)
   at System.Web.Mvc.SecurityUtil.ProcessInApplicationTrust(Action action)
   at System.Web.Mvc.SecurityUtil.ProcessInApplicationTrust[TResult](Func`1 func)
   at System.Web.Mvc.MvcHandler.BeginProcessRequest(HttpContextBase httpContext, AsyncCallback callback, Object state)
   at System.Web.Mvc.MvcHandler.BeginProcessRequest(HttpContext httpContext, AsyncCallback callback, Object state)
   at System.Web.Mvc.MvcHandler.System.Web.IHttpAsyncHandler.BeginProcessRequest(HttpContext context, AsyncCallback cb, Object extraData)
   at System.Web.HttpApplication.CallHandlerExecutionStep.System.Web.HttpApplication.IExecutionStep.Execute()
   at System.Web.HttpApplication.ExecuteStep(IExecutionStep step, Boolean& completedSynchronously)
2012-09-29 17:38:20.0354 FATAL Unhandled exception trying to access http://localhost:1149/OrderDetails/_DeeperStat/1: Sequence contains no elements | Stack Trace:    at System.Linq.Enumerable.Average(IEnumerable`1 source)
   at POS.Controllers.OrderDetailsController._DeeperStat(Int32 id) in L:\Users\Jason\Documents\GitHub\POS\POS\Controllers\OrderDetailsController.cs:line 184
   at lambda_method(Closure , ControllerBase , Object[] )
   at System.Web.Mvc.ActionMethodDispatcher.Execute(ControllerBase controller, Object[] parameters)
   at System.Web.Mvc.ReflectedActionDescriptor.Execute(ControllerContext controllerContext, IDictionary`2 parameters)
   at System.Web.Mvc.ControllerActionInvoker.InvokeActionMethod(ControllerContext controllerContext, ActionDescriptor actionDescriptor, IDictionary`2 parameters)
   at System.Web.Mvc.ControllerActionInvoker.<>c__DisplayClass15.<InvokeActionMethodWithFilters>b__12()
   at System.Web.Mvc.ControllerActionInvoker.InvokeActionMethodFilter(IActionFilter filter, ActionExecutingContext preContext, Func`1 continuation)
   at System.Web.Mvc.ControllerActionInvoker.<>c__DisplayClass15.<>c__DisplayClass17.<InvokeActionMethodWithFilters>b__14()
   at System.Web.Mvc.ControllerActionInvoker.InvokeActionMethodFilter(IActionFilter filter, ActionExecutingContext preContext, Func`1 continuation)
   at System.Web.Mvc.ControllerActionInvoker.<>c__DisplayClass15.<>c__DisplayClass17.<InvokeActionMethodWithFilters>b__14()
   at System.Web.Mvc.ControllerActionInvoker.InvokeActionMethodWithFilters(ControllerContext controllerContext, IList`1 filters, ActionDescriptor actionDescriptor, IDictionary`2 parameters)
   at System.Web.Mvc.ControllerActionInvoker.InvokeAction(ControllerContext controllerContext, String actionName)
   at System.Web.Mvc.Controller.ExecuteCore()
   at System.Web.Mvc.ControllerBase.Execute(RequestContext requestContext)
   at System.Web.Mvc.ControllerBase.System.Web.Mvc.IController.Execute(RequestContext requestContext)
   at System.Web.Mvc.MvcHandler.<>c__DisplayClass6.<>c__DisplayClassb.<BeginProcessRequest>b__5()
   at System.Web.Mvc.Async.AsyncResultWrapper.<>c__DisplayClass1.<MakeVoidDelegate>b__0()
   at System.Web.Mvc.Async.AsyncResultWrapper.<>c__DisplayClass8`1.<BeginSynchronous>b__7(IAsyncResult _)
   at System.Web.Mvc.Async.AsyncResultWrapper.WrappedAsyncResult`1.End()
   at System.Web.Mvc.MvcHandler.<>c__DisplayClasse.<EndProcessRequest>b__d()
   at System.Web.Mvc.SecurityUtil.<GetCallInAppTrustThunk>b__0(Action f)
   at System.Web.Mvc.SecurityUtil.ProcessInApplicationTrust(Action action)
   at System.Web.Mvc.MvcHandler.EndProcessRequest(IAsyncResult asyncResult)
   at System.Web.Mvc.MvcHandler.System.Web.IHttpAsyncHandler.EndProcessRequest(IAsyncResult result)
   at System.Web.HttpApplication.CallHandlerExecutionStep.System.Web.HttpApplication.IExecutionStep.Execute()
   at System.Web.HttpApplication.ExecuteStep(IExecutionStep step, Boolean& completedSynchronously)
2012-09-29 17:38:22.7876 FATAL Unhandled exception trying to access http://localhost:1149/OrderDetails/_DeeperStat/2: Sequence contains no elements | Stack Trace:    at System.Linq.Enumerable.Average(IEnumerable`1 source)
   at POS.Controllers.OrderDetailsController._DeeperStat(Int32 id) in L:\Users\Jason\Documents\GitHub\POS\POS\Controllers\OrderDetailsController.cs:line 215
   at lambda_method(Closure , ControllerBase , Object[] )
   at System.Web.Mvc.ActionMethodDispatcher.Execute(ControllerBase controller, Object[] parameters)
   at System.Web.Mvc.ReflectedActionDescriptor.Execute(ControllerContext controllerContext, IDictionary`2 parameters)
   at System.Web.Mvc.ControllerActionInvoker.InvokeActionMethod(ControllerContext controllerContext, ActionDescriptor actionDescriptor, IDictionary`2 parameters)
   at System.Web.Mvc.ControllerActionInvoker.<>c__DisplayClass15.<InvokeActionMethodWithFilters>b__12()
   at System.Web.Mvc.ControllerActionInvoker.InvokeActionMethodFilter(IActionFilter filter, ActionExecutingContext preContext, Func`1 continuation)
   at System.Web.Mvc.ControllerActionInvoker.<>c__DisplayClass15.<>c__DisplayClass17.<InvokeActionMethodWithFilters>b__14()
   at System.Web.Mvc.ControllerActionInvoker.InvokeActionMethodFilter(IActionFilter filter, ActionExecutingContext preContext, Func`1 continuation)
   at System.Web.Mvc.ControllerActionInvoker.<>c__DisplayClass15.<>c__DisplayClass17.<InvokeActionMethodWithFilters>b__14()
   at System.Web.Mvc.ControllerActionInvoker.InvokeActionMethodWithFilters(ControllerContext controllerContext, IList`1 filters, ActionDescriptor actionDescriptor, IDictionary`2 parameters)
   at System.Web.Mvc.ControllerActionInvoker.InvokeAction(ControllerContext controllerContext, String actionName)
   at System.Web.Mvc.Controller.ExecuteCore()
   at System.Web.Mvc.ControllerBase.Execute(RequestContext requestContext)
   at System.Web.Mvc.ControllerBase.System.Web.Mvc.IController.Execute(RequestContext requestContext)
   at System.Web.Mvc.MvcHandler.<>c__DisplayClass6.<>c__DisplayClassb.<BeginProcessRequest>b__5()
   at System.Web.Mvc.Async.AsyncResultWrapper.<>c__DisplayClass1.<MakeVoidDelegate>b__0()
   at System.Web.Mvc.Async.AsyncResultWrapper.<>c__DisplayClass8`1.<BeginSynchronous>b__7(IAsyncResult _)
   at System.Web.Mvc.Async.AsyncResultWrapper.WrappedAsyncResult`1.End()
   at System.Web.Mvc.MvcHandler.<>c__DisplayClasse.<EndProcessRequest>b__d()
   at System.Web.Mvc.SecurityUtil.<GetCallInAppTrustThunk>b__0(Action f)
   at System.Web.Mvc.SecurityUtil.ProcessInApplicationTrust(Action action)
   at System.Web.Mvc.MvcHandler.EndProcessRequest(IAsyncResult asyncResult)
   at System.Web.Mvc.MvcHandler.System.Web.IHttpAsyncHandler.EndProcessRequest(IAsyncResult result)
   at System.Web.HttpApplication.CallHandlerExecutionStep.System.Web.HttpApplication.IExecutionStep.Execute()
   at System.Web.HttpApplication.ExecuteStep(IExecutionStep step, Boolean& completedSynchronously)
2012-09-29 17:38:28.7399 WARN Unhandled exception trying to access http://localhost:1149/favicon.ico: The controller for path '/favicon.ico' was not found or does not implement IController. | Stack Trace:    at System.Web.Mvc.DefaultControllerFactory.GetControllerInstance(RequestContext requestContext, Type controllerType)
   at System.Web.Mvc.DefaultControllerFactory.CreateController(RequestContext requestContext, String controllerName)
   at System.Web.Mvc.MvcHandler.ProcessRequestInit(HttpContextBase httpContext, IController& controller, IControllerFactory& factory)
   at System.Web.Mvc.MvcHandler.<>c__DisplayClass6.<BeginProcessRequest>b__2()
   at System.Web.Mvc.SecurityUtil.<>c__DisplayClassb`1.<ProcessInApplicationTrust>b__a()
   at System.Web.Mvc.SecurityUtil.<GetCallInAppTrustThunk>b__0(Action f)
   at System.Web.Mvc.SecurityUtil.ProcessInApplicationTrust(Action action)
   at System.Web.Mvc.SecurityUtil.ProcessInApplicationTrust[TResult](Func`1 func)
   at System.Web.Mvc.MvcHandler.BeginProcessRequest(HttpContextBase httpContext, AsyncCallback callback, Object state)
   at System.Web.Mvc.MvcHandler.BeginProcessRequest(HttpContext httpContext, AsyncCallback callback, Object state)
   at System.Web.Mvc.MvcHandler.System.Web.IHttpAsyncHandler.BeginProcessRequest(HttpContext context, AsyncCallback cb, Object extraData)
   at System.Web.HttpApplication.CallHandlerExecutionStep.System.Web.HttpApplication.IExecutionStep.Execute()
   at System.Web.HttpApplication.ExecuteStep(IExecutionStep step, Boolean& completedSynchronously)
2012-09-29 17:38:30.2200 WARN Unhandled exception trying to access http://localhost:1149/favicon.ico: The controller for path '/favicon.ico' was not found or does not implement IController. | Stack Trace:    at System.Web.Mvc.DefaultControllerFactory.GetControllerInstance(RequestContext requestContext, Type controllerType)
   at System.Web.Mvc.DefaultControllerFactory.CreateController(RequestContext requestContext, String controllerName)
   at System.Web.Mvc.MvcHandler.ProcessRequestInit(HttpContextBase httpContext, IController& controller, IControllerFactory& factory)
   at System.Web.Mvc.MvcHandler.<>c__DisplayClass6.<BeginProcessRequest>b__2()
   at System.Web.Mvc.SecurityUtil.<>c__DisplayClassb`1.<ProcessInApplicationTrust>b__a()
   at System.Web.Mvc.SecurityUtil.<GetCallInAppTrustThunk>b__0(Action f)
   at System.Web.Mvc.SecurityUtil.ProcessInApplicationTrust(Action action)
   at System.Web.Mvc.SecurityUtil.ProcessInApplicationTrust[TResult](Func`1 func)
   at System.Web.Mvc.MvcHandler.BeginProcessRequest(HttpContextBase httpContext, AsyncCallback callback, Object state)
   at System.Web.Mvc.MvcHandler.BeginProcessRequest(HttpContext httpContext, AsyncCallback callback, Object state)
   at System.Web.Mvc.MvcHandler.System.Web.IHttpAsyncHandler.BeginProcessRequest(HttpContext context, AsyncCallback cb, Object extraData)
   at System.Web.HttpApplication.CallHandlerExecutionStep.System.Web.HttpApplication.IExecutionStep.Execute()
   at System.Web.HttpApplication.ExecuteStep(IExecutionStep step, Boolean& completedSynchronously)
2012-09-29 17:38:32.3341 FATAL Unhandled exception trying to access http://localhost:1149/OrderDetails/_DeeperStat/1: Sequence contains no elements | Stack Trace:    at System.Linq.Enumerable.Average(IEnumerable`1 source)
   at POS.Controllers.OrderDetailsController._DeeperStat(Int32 id) in L:\Users\Jason\Documents\GitHub\POS\POS\Controllers\OrderDetailsController.cs:line 184
   at lambda_method(Closure , ControllerBase , Object[] )
   at System.Web.Mvc.ActionMethodDispatcher.Execute(ControllerBase controller, Object[] parameters)
   at System.Web.Mvc.ReflectedActionDescriptor.Execute(ControllerContext controllerContext, IDictionary`2 parameters)
   at System.Web.Mvc.ControllerActionInvoker.InvokeActionMethod(ControllerContext controllerContext, ActionDescriptor actionDescriptor, IDictionary`2 parameters)
   at System.Web.Mvc.ControllerActionInvoker.<>c__DisplayClass15.<InvokeActionMethodWithFilters>b__12()
   at System.Web.Mvc.ControllerActionInvoker.InvokeActionMethodFilter(IActionFilter filter, ActionExecutingContext preContext, Func`1 continuation)
   at System.Web.Mvc.ControllerActionInvoker.<>c__DisplayClass15.<>c__DisplayClass17.<InvokeActionMethodWithFilters>b__14()
   at System.Web.Mvc.ControllerActionInvoker.InvokeActionMethodFilter(IActionFilter filter, ActionExecutingContext preContext, Func`1 continuation)
   at System.Web.Mvc.ControllerActionInvoker.<>c__DisplayClass15.<>c__DisplayClass17.<InvokeActionMethodWithFilters>b__14()
   at System.Web.Mvc.ControllerActionInvoker.InvokeActionMethodWithFilters(ControllerContext controllerContext, IList`1 filters, ActionDescriptor actionDescriptor, IDictionary`2 parameters)
   at System.Web.Mvc.ControllerActionInvoker.InvokeAction(ControllerContext controllerContext, String actionName)
   at System.Web.Mvc.Controller.ExecuteCore()
   at System.Web.Mvc.ControllerBase.Execute(RequestContext requestContext)
   at System.Web.Mvc.ControllerBase.System.Web.Mvc.IController.Execute(RequestContext requestContext)
   at System.Web.Mvc.MvcHandler.<>c__DisplayClass6.<>c__DisplayClassb.<BeginProcessRequest>b__5()
   at System.Web.Mvc.Async.AsyncResultWrapper.<>c__DisplayClass1.<MakeVoidDelegate>b__0()
   at System.Web.Mvc.Async.AsyncResultWrapper.<>c__DisplayClass8`1.<BeginSynchronous>b__7(IAsyncResult _)
   at System.Web.Mvc.Async.AsyncResultWrapper.WrappedAsyncResult`1.End()
   at System.Web.Mvc.MvcHandler.<>c__DisplayClasse.<EndProcessRequest>b__d()
   at System.Web.Mvc.SecurityUtil.<GetCallInAppTrustThunk>b__0(Action f)
   at System.Web.Mvc.SecurityUtil.ProcessInApplicationTrust(Action action)
   at System.Web.Mvc.MvcHandler.EndProcessRequest(IAsyncResult asyncResult)
   at System.Web.Mvc.MvcHandler.System.Web.IHttpAsyncHandler.EndProcessRequest(IAsyncResult result)
   at System.Web.HttpApplication.CallHandlerExecutionStep.System.Web.HttpApplication.IExecutionStep.Execute()
   at System.Web.HttpApplication.ExecuteStep(IExecutionStep step, Boolean& completedSynchronously)
2012-09-29 17:38:36.8924 WARN Unhandled exception trying to access http://localhost:1149/favicon.ico: The controller for path '/favicon.ico' was not found or does not implement IController. | Stack Trace:    at System.Web.Mvc.DefaultControllerFactory.GetControllerInstance(RequestContext requestContext, Type controllerType)
   at System.Web.Mvc.DefaultControllerFactory.CreateController(RequestContext requestContext, String controllerName)
   at System.Web.Mvc.MvcHandler.ProcessRequestInit(HttpContextBase httpContext, IController& controller, IControllerFactory& factory)
   at System.Web.Mvc.MvcHandler.<>c__DisplayClass6.<BeginProcessRequest>b__2()
   at System.Web.Mvc.SecurityUtil.<>c__DisplayClassb`1.<ProcessInApplicationTrust>b__a()
   at System.Web.Mvc.SecurityUtil.<GetCallInAppTrustThunk>b__0(Action f)
   at System.Web.Mvc.SecurityUtil.ProcessInApplicationTrust(Action action)
   at System.Web.Mvc.SecurityUtil.ProcessInApplicationTrust[TResult](Func`1 func)
   at System.Web.Mvc.MvcHandler.BeginProcessRequest(HttpContextBase httpContext, AsyncCallback callback, Object state)
   at System.Web.Mvc.MvcHandler.BeginProcessRequest(HttpContext httpContext, AsyncCallback callback, Object state)
   at System.Web.Mvc.MvcHandler.System.Web.IHttpAsyncHandler.BeginProcessRequest(HttpContext context, AsyncCallback cb, Object extraData)
   at System.Web.HttpApplication.CallHandlerExecutionStep.System.Web.HttpApplication.IExecutionStep.Execute()
   at System.Web.HttpApplication.ExecuteStep(IExecutionStep step, Boolean& completedSynchronously)
2012-09-29 17:38:39.3615 WARN Unhandled exception trying to access http://localhost:1149/favicon.ico: The controller for path '/favicon.ico' was not found or does not implement IController. | Stack Trace:    at System.Web.Mvc.DefaultControllerFactory.GetControllerInstance(RequestContext requestContext, Type controllerType)
   at System.Web.Mvc.DefaultControllerFactory.CreateController(RequestContext requestContext, String controllerName)
   at System.Web.Mvc.MvcHandler.ProcessRequestInit(HttpContextBase httpContext, IController& controller, IControllerFactory& factory)
   at System.Web.Mvc.MvcHandler.<>c__DisplayClass6.<BeginProcessRequest>b__2()
   at System.Web.Mvc.SecurityUtil.<>c__DisplayClassb`1.<ProcessInApplicationTrust>b__a()
   at System.Web.Mvc.SecurityUtil.<GetCallInAppTrustThunk>b__0(Action f)
   at System.Web.Mvc.SecurityUtil.ProcessInApplicationTrust(Action action)
   at System.Web.Mvc.SecurityUtil.ProcessInApplicationTrust[TResult](Func`1 func)
   at System.Web.Mvc.MvcHandler.BeginProcessRequest(HttpContextBase httpContext, AsyncCallback callback, Object state)
   at System.Web.Mvc.MvcHandler.BeginProcessRequest(HttpContext httpContext, AsyncCallback callback, Object state)
   at System.Web.Mvc.MvcHandler.System.Web.IHttpAsyncHandler.BeginProcessRequest(HttpContext context, AsyncCallback cb, Object extraData)
   at System.Web.HttpApplication.CallHandlerExecutionStep.System.Web.HttpApplication.IExecutionStep.Execute()
   at System.Web.HttpApplication.ExecuteStep(IExecutionStep step, Boolean& completedSynchronously)
2012-09-29 17:38:41.1256 WARN Unhandled exception trying to access http://localhost:1149/favicon.ico: The controller for path '/favicon.ico' was not found or does not implement IController. | Stack Trace:    at System.Web.Mvc.DefaultControllerFactory.GetControllerInstance(RequestContext requestContext, Type controllerType)
   at System.Web.Mvc.DefaultControllerFactory.CreateController(RequestContext requestContext, String controllerName)
   at System.Web.Mvc.MvcHandler.ProcessRequestInit(HttpContextBase httpContext, IController& controller, IControllerFactory& factory)
   at System.Web.Mvc.MvcHandler.<>c__DisplayClass6.<BeginProcessRequest>b__2()
   at System.Web.Mvc.SecurityUtil.<>c__DisplayClassb`1.<ProcessInApplicationTrust>b__a()
   at System.Web.Mvc.SecurityUtil.<GetCallInAppTrustThunk>b__0(Action f)
   at System.Web.Mvc.SecurityUtil.ProcessInApplicationTrust(Action action)
   at System.Web.Mvc.SecurityUtil.ProcessInApplicationTrust[TResult](Func`1 func)
   at System.Web.Mvc.MvcHandler.BeginProcessRequest(HttpContextBase httpContext, AsyncCallback callback, Object state)
   at System.Web.Mvc.MvcHandler.BeginProcessRequest(HttpContext httpContext, AsyncCallback callback, Object state)
   at System.Web.Mvc.MvcHandler.System.Web.IHttpAsyncHandler.BeginProcessRequest(HttpContext context, AsyncCallback cb, Object extraData)
   at System.Web.HttpApplication.CallHandlerExecutionStep.System.Web.HttpApplication.IExecutionStep.Execute()
   at System.Web.HttpApplication.ExecuteStep(IExecutionStep step, Boolean& completedSynchronously)
2012-09-29 17:38:45.6899 WARN Unhandled exception trying to access http://localhost:1149/favicon.ico: The controller for path '/favicon.ico' was not found or does not implement IController. | Stack Trace:    at System.Web.Mvc.DefaultControllerFactory.GetControllerInstance(RequestContext requestContext, Type controllerType)
   at System.Web.Mvc.DefaultControllerFactory.CreateController(RequestContext requestContext, String controllerName)
   at System.Web.Mvc.MvcHandler.ProcessRequestInit(HttpContextBase httpContext, IController& controller, IControllerFactory& factory)
   at System.Web.Mvc.MvcHandler.<>c__DisplayClass6.<BeginProcessRequest>b__2()
   at System.Web.Mvc.SecurityUtil.<>c__DisplayClassb`1.<ProcessInApplicationTrust>b__a()
   at System.Web.Mvc.SecurityUtil.<GetCallInAppTrustThunk>b__0(Action f)
   at System.Web.Mvc.SecurityUtil.ProcessInApplicationTrust(Action action)
   at System.Web.Mvc.SecurityUtil.ProcessInApplicationTrust[TResult](Func`1 func)
   at System.Web.Mvc.MvcHandler.BeginProcessRequest(HttpContextBase httpContext, AsyncCallback callback, Object state)
   at System.Web.Mvc.MvcHandler.BeginProcessRequest(HttpContext httpContext, AsyncCallback callback, Object state)
   at System.Web.Mvc.MvcHandler.System.Web.IHttpAsyncHandler.BeginProcessRequest(HttpContext context, AsyncCallback cb, Object extraData)
   at System.Web.HttpApplication.CallHandlerExecutionStep.System.Web.HttpApplication.IExecutionStep.Execute()
   at System.Web.HttpApplication.ExecuteStep(IExecutionStep step, Boolean& completedSynchronously)
2012-09-29 17:38:53.3843 WARN Unhandled exception trying to access http://localhost:1149/favicon.ico: The controller for path '/favicon.ico' was not found or does not implement IController. | Stack Trace:    at System.Web.Mvc.DefaultControllerFactory.GetControllerInstance(RequestContext requestContext, Type controllerType)
   at System.Web.Mvc.DefaultControllerFactory.CreateController(RequestContext requestContext, String controllerName)
   at System.Web.Mvc.MvcHandler.ProcessRequestInit(HttpContextBase httpContext, IController& controller, IControllerFactory& factory)
   at System.Web.Mvc.MvcHandler.<>c__DisplayClass6.<BeginProcessRequest>b__2()
   at System.Web.Mvc.SecurityUtil.<>c__DisplayClassb`1.<ProcessInApplicationTrust>b__a()
   at System.Web.Mvc.SecurityUtil.<GetCallInAppTrustThunk>b__0(Action f)
   at System.Web.Mvc.SecurityUtil.ProcessInApplicationTrust(Action action)
   at System.Web.Mvc.SecurityUtil.ProcessInApplicationTrust[TResult](Func`1 func)
   at System.Web.Mvc.MvcHandler.BeginProcessRequest(HttpContextBase httpContext, AsyncCallback callback, Object state)
   at System.Web.Mvc.MvcHandler.BeginProcessRequest(HttpContext httpContext, AsyncCallback callback, Object state)
   at System.Web.Mvc.MvcHandler.System.Web.IHttpAsyncHandler.BeginProcessRequest(HttpContext context, AsyncCallback cb, Object extraData)
   at System.Web.HttpApplication.CallHandlerExecutionStep.System.Web.HttpApplication.IExecutionStep.Execute()
   at System.Web.HttpApplication.ExecuteStep(IExecutionStep step, Boolean& completedSynchronously)
2012-09-29 17:55:48.2664 DEBUG Checking that nLogger is working from Index
2012-09-29 17:55:52.1466 WARN Unhandled exception trying to access http://localhost:1149/favicon.ico: The controller for path '/favicon.ico' was not found or does not implement IController. | Stack Trace:    at System.Web.Mvc.DefaultControllerFactory.GetControllerInstance(RequestContext requestContext, Type controllerType)
   at System.Web.Mvc.DefaultControllerFactory.CreateController(RequestContext requestContext, String controllerName)
   at System.Web.Mvc.MvcHandler.ProcessRequestInit(HttpContextBase httpContext, IController& controller, IControllerFactory& factory)
   at System.Web.Mvc.MvcHandler.<>c__DisplayClass6.<BeginProcessRequest>b__2()
   at System.Web.Mvc.SecurityUtil.<>c__DisplayClassb`1.<ProcessInApplicationTrust>b__a()
   at System.Web.Mvc.SecurityUtil.<GetCallInAppTrustThunk>b__0(Action f)
   at System.Web.Mvc.SecurityUtil.ProcessInApplicationTrust(Action action)
   at System.Web.Mvc.SecurityUtil.ProcessInApplicationTrust[TResult](Func`1 func)
   at System.Web.Mvc.MvcHandler.BeginProcessRequest(HttpContextBase httpContext, AsyncCallback callback, Object state)
   at System.Web.Mvc.MvcHandler.BeginProcessRequest(HttpContext httpContext, AsyncCallback callback, Object state)
   at System.Web.Mvc.MvcHandler.System.Web.IHttpAsyncHandler.BeginProcessRequest(HttpContext context, AsyncCallback cb, Object extraData)
   at System.Web.HttpApplication.CallHandlerExecutionStep.System.Web.HttpApplication.IExecutionStep.Execute()
   at System.Web.HttpApplication.ExecuteStep(IExecutionStep step, Boolean& completedSynchronously)
2012-09-29 17:55:57.5819 WARN Unhandled exception trying to access http://localhost:1149/favicon.ico: The controller for path '/favicon.ico' was not found or does not implement IController. | Stack Trace:    at System.Web.Mvc.DefaultControllerFactory.GetControllerInstance(RequestContext requestContext, Type controllerType)
   at System.Web.Mvc.DefaultControllerFactory.CreateController(RequestContext requestContext, String controllerName)
   at System.Web.Mvc.MvcHandler.ProcessRequestInit(HttpContextBase httpContext, IController& controller, IControllerFactory& factory)
   at System.Web.Mvc.MvcHandler.<>c__DisplayClass6.<BeginProcessRequest>b__2()
   at System.Web.Mvc.SecurityUtil.<>c__DisplayClassb`1.<ProcessInApplicationTrust>b__a()
   at System.Web.Mvc.SecurityUtil.<GetCallInAppTrustThunk>b__0(Action f)
   at System.Web.Mvc.SecurityUtil.ProcessInApplicationTrust(Action action)
   at System.Web.Mvc.SecurityUtil.ProcessInApplicationTrust[TResult](Func`1 func)
   at System.Web.Mvc.MvcHandler.BeginProcessRequest(HttpContextBase httpContext, AsyncCallback callback, Object state)
   at System.Web.Mvc.MvcHandler.BeginProcessRequest(HttpContext httpContext, AsyncCallback callback, Object state)
   at System.Web.Mvc.MvcHandler.System.Web.IHttpAsyncHandler.BeginProcessRequest(HttpContext context, AsyncCallback cb, Object extraData)
   at System.Web.HttpApplication.CallHandlerExecutionStep.System.Web.HttpApplication.IExecutionStep.Execute()
   at System.Web.HttpApplication.ExecuteStep(IExecutionStep step, Boolean& completedSynchronously)
2012-09-29 18:34:39.3897 DEBUG Checking that nLogger is working from Index
2012-09-29 18:34:43.2589 WARN Unhandled exception trying to access http://localhost:1149/favicon.ico: The controller for path '/favicon.ico' was not found or does not implement IController. | Stack Trace:    at System.Web.Mvc.DefaultControllerFactory.GetControllerInstance(RequestContext requestContext, Type controllerType)
   at System.Web.Mvc.DefaultControllerFactory.CreateController(RequestContext requestContext, String controllerName)
   at System.Web.Mvc.MvcHandler.ProcessRequestInit(HttpContextBase httpContext, IController& controller, IControllerFactory& factory)
   at System.Web.Mvc.MvcHandler.<>c__DisplayClass6.<BeginProcessRequest>b__2()
   at System.Web.Mvc.SecurityUtil.<>c__DisplayClassb`1.<ProcessInApplicationTrust>b__a()
   at System.Web.Mvc.SecurityUtil.<GetCallInAppTrustThunk>b__0(Action f)
   at System.Web.Mvc.SecurityUtil.ProcessInApplicationTrust(Action action)
   at System.Web.Mvc.SecurityUtil.ProcessInApplicationTrust[TResult](Func`1 func)
   at System.Web.Mvc.MvcHandler.BeginProcessRequest(HttpContextBase httpContext, AsyncCallback callback, Object state)
   at System.Web.Mvc.MvcHandler.BeginProcessRequest(HttpContext httpContext, AsyncCallback callback, Object state)
   at System.Web.Mvc.MvcHandler.System.Web.IHttpAsyncHandler.BeginProcessRequest(HttpContext context, AsyncCallback cb, Object extraData)
   at System.Web.HttpApplication.CallHandlerExecutionStep.System.Web.HttpApplication.IExecutionStep.Execute()
   at System.Web.HttpApplication.ExecuteStep(IExecutionStep step, Boolean& completedSynchronously)
2012-09-29 18:34:47.0961 WARN Unhandled exception trying to access http://localhost:1149/favicon.ico: The controller for path '/favicon.ico' was not found or does not implement IController. | Stack Trace:    at System.Web.Mvc.DefaultControllerFactory.GetControllerInstance(RequestContext requestContext, Type controllerType)
   at System.Web.Mvc.DefaultControllerFactory.CreateController(RequestContext requestContext, String controllerName)
   at System.Web.Mvc.MvcHandler.ProcessRequestInit(HttpContextBase httpContext, IController& controller, IControllerFactory& factory)
   at System.Web.Mvc.MvcHandler.<>c__DisplayClass6.<BeginProcessRequest>b__2()
   at System.Web.Mvc.SecurityUtil.<>c__DisplayClassb`1.<ProcessInApplicationTrust>b__a()
   at System.Web.Mvc.SecurityUtil.<GetCallInAppTrustThunk>b__0(Action f)
   at System.Web.Mvc.SecurityUtil.ProcessInApplicationTrust(Action action)
   at System.Web.Mvc.SecurityUtil.ProcessInApplicationTrust[TResult](Func`1 func)
   at System.Web.Mvc.MvcHandler.BeginProcessRequest(HttpContextBase httpContext, AsyncCallback callback, Object state)
   at System.Web.Mvc.MvcHandler.BeginProcessRequest(HttpContext httpContext, AsyncCallback callback, Object state)
   at System.Web.Mvc.MvcHandler.System.Web.IHttpAsyncHandler.BeginProcessRequest(HttpContext context, AsyncCallback cb, Object extraData)
   at System.Web.HttpApplication.CallHandlerExecutionStep.System.Web.HttpApplication.IExecutionStep.Execute()
   at System.Web.HttpApplication.ExecuteStep(IExecutionStep step, Boolean& completedSynchronously)
2012-09-29 18:34:51.7584 DEBUG Checking that nLogger is working from Index
2012-09-29 18:34:52.1274 WARN Unhandled exception trying to access http://localhost:1149/favicon.ico: The controller for path '/favicon.ico' was not found or does not implement IController. | Stack Trace:    at System.Web.Mvc.DefaultControllerFactory.GetControllerInstance(RequestContext requestContext, Type controllerType)
   at System.Web.Mvc.DefaultControllerFactory.CreateController(RequestContext requestContext, String controllerName)
   at System.Web.Mvc.MvcHandler.ProcessRequestInit(HttpContextBase httpContext, IController& controller, IControllerFactory& factory)
   at System.Web.Mvc.MvcHandler.<>c__DisplayClass6.<BeginProcessRequest>b__2()
   at System.Web.Mvc.SecurityUtil.<>c__DisplayClassb`1.<ProcessInApplicationTrust>b__a()
   at System.Web.Mvc.SecurityUtil.<GetCallInAppTrustThunk>b__0(Action f)
   at System.Web.Mvc.SecurityUtil.ProcessInApplicationTrust(Action action)
   at System.Web.Mvc.SecurityUtil.ProcessInApplicationTrust[TResult](Func`1 func)
   at System.Web.Mvc.MvcHandler.BeginProcessRequest(HttpContextBase httpContext, AsyncCallback callback, Object state)
   at System.Web.Mvc.MvcHandler.BeginProcessRequest(HttpContext httpContext, AsyncCallback callback, Object state)
   at System.Web.Mvc.MvcHandler.System.Web.IHttpAsyncHandler.BeginProcessRequest(HttpContext context, AsyncCallback cb, Object extraData)
   at System.Web.HttpApplication.CallHandlerExecutionStep.System.Web.HttpApplication.IExecutionStep.Execute()
   at System.Web.HttpApplication.ExecuteStep(IExecutionStep step, Boolean& completedSynchronously)
2012-09-29 18:34:55.7306 WARN Unhandled exception trying to access http://localhost:1149/favicon.ico: The controller for path '/favicon.ico' was not found or does not implement IController. | Stack Trace:    at System.Web.Mvc.DefaultControllerFactory.GetControllerInstance(RequestContext requestContext, Type controllerType)
   at System.Web.Mvc.DefaultControllerFactory.CreateController(RequestContext requestContext, String controllerName)
   at System.Web.Mvc.MvcHandler.ProcessRequestInit(HttpContextBase httpContext, IController& controller, IControllerFactory& factory)
   at System.Web.Mvc.MvcHandler.<>c__DisplayClass6.<BeginProcessRequest>b__2()
   at System.Web.Mvc.SecurityUtil.<>c__DisplayClassb`1.<ProcessInApplicationTrust>b__a()
   at System.Web.Mvc.SecurityUtil.<GetCallInAppTrustThunk>b__0(Action f)
   at System.Web.Mvc.SecurityUtil.ProcessInApplicationTrust(Action action)
   at System.Web.Mvc.SecurityUtil.ProcessInApplicationTrust[TResult](Func`1 func)
   at System.Web.Mvc.MvcHandler.BeginProcessRequest(HttpContextBase httpContext, AsyncCallback callback, Object state)
   at System.Web.Mvc.MvcHandler.BeginProcessRequest(HttpContext httpContext, AsyncCallback callback, Object state)
   at System.Web.Mvc.MvcHandler.System.Web.IHttpAsyncHandler.BeginProcessRequest(HttpContext context, AsyncCallback cb, Object extraData)
   at System.Web.HttpApplication.CallHandlerExecutionStep.System.Web.HttpApplication.IExecutionStep.Execute()
   at System.Web.HttpApplication.ExecuteStep(IExecutionStep step, Boolean& completedSynchronously)
2012-09-29 18:35:00.3869 WARN Unhandled exception trying to access http://localhost:1149/favicon.ico: The controller for path '/favicon.ico' was not found or does not implement IController. | Stack Trace:    at System.Web.Mvc.DefaultControllerFactory.GetControllerInstance(RequestContext requestContext, Type controllerType)
   at System.Web.Mvc.DefaultControllerFactory.CreateController(RequestContext requestContext, String controllerName)
   at System.Web.Mvc.MvcHandler.ProcessRequestInit(HttpContextBase httpContext, IController& controller, IControllerFactory& factory)
   at System.Web.Mvc.MvcHandler.<>c__DisplayClass6.<BeginProcessRequest>b__2()
   at System.Web.Mvc.SecurityUtil.<>c__DisplayClassb`1.<ProcessInApplicationTrust>b__a()
   at System.Web.Mvc.SecurityUtil.<GetCallInAppTrustThunk>b__0(Action f)
   at System.Web.Mvc.SecurityUtil.ProcessInApplicationTrust(Action action)
   at System.Web.Mvc.SecurityUtil.ProcessInApplicationTrust[TResult](Func`1 func)
   at System.Web.Mvc.MvcHandler.BeginProcessRequest(HttpContextBase httpContext, AsyncCallback callback, Object state)
   at System.Web.Mvc.MvcHandler.BeginProcessRequest(HttpContext httpContext, AsyncCallback callback, Object state)
   at System.Web.Mvc.MvcHandler.System.Web.IHttpAsyncHandler.BeginProcessRequest(HttpContext context, AsyncCallback cb, Object extraData)
   at System.Web.HttpApplication.CallHandlerExecutionStep.System.Web.HttpApplication.IExecutionStep.Execute()
   at System.Web.HttpApplication.ExecuteStep(IExecutionStep step, Boolean& completedSynchronously)
2012-09-29 18:35:03.5841 DEBUG Checking that nLogger is working from Index
2012-09-29 18:35:04.0181 WARN Unhandled exception trying to access http://localhost:1149/favicon.ico: The controller for path '/favicon.ico' was not found or does not implement IController. | Stack Trace:    at System.Web.Mvc.DefaultControllerFactory.GetControllerInstance(RequestContext requestContext, Type controllerType)
   at System.Web.Mvc.DefaultControllerFactory.CreateController(RequestContext requestContext, String controllerName)
   at System.Web.Mvc.MvcHandler.ProcessRequestInit(HttpContextBase httpContext, IController& controller, IControllerFactory& factory)
   at System.Web.Mvc.MvcHandler.<>c__DisplayClass6.<BeginProcessRequest>b__2()
   at System.Web.Mvc.SecurityUtil.<>c__DisplayClassb`1.<ProcessInApplicationTrust>b__a()
   at System.Web.Mvc.SecurityUtil.<GetCallInAppTrustThunk>b__0(Action f)
   at System.Web.Mvc.SecurityUtil.ProcessInApplicationTrust(Action action)
   at System.Web.Mvc.SecurityUtil.ProcessInApplicationTrust[TResult](Func`1 func)
   at System.Web.Mvc.MvcHandler.BeginProcessRequest(HttpContextBase httpContext, AsyncCallback callback, Object state)
   at System.Web.Mvc.MvcHandler.BeginProcessRequest(HttpContext httpContext, AsyncCallback callback, Object state)
   at System.Web.Mvc.MvcHandler.System.Web.IHttpAsyncHandler.BeginProcessRequest(HttpContext context, AsyncCallback cb, Object extraData)
   at System.Web.HttpApplication.CallHandlerExecutionStep.System.Web.HttpApplication.IExecutionStep.Execute()
   at System.Web.HttpApplication.ExecuteStep(IExecutionStep step, Boolean& completedSynchronously)
2012-09-29 18:35:06.1522 DEBUG Checking that nLogger is working from Index
2012-09-29 18:35:06.5273 WARN Unhandled exception trying to access http://localhost:1149/favicon.ico: The controller for path '/favicon.ico' was not found or does not implement IController. | Stack Trace:    at System.Web.Mvc.DefaultControllerFactory.GetControllerInstance(RequestContext requestContext, Type controllerType)
   at System.Web.Mvc.DefaultControllerFactory.CreateController(RequestContext requestContext, String controllerName)
   at System.Web.Mvc.MvcHandler.ProcessRequestInit(HttpContextBase httpContext, IController& controller, IControllerFactory& factory)
   at System.Web.Mvc.MvcHandler.<>c__DisplayClass6.<BeginProcessRequest>b__2()
   at System.Web.Mvc.SecurityUtil.<>c__DisplayClassb`1.<ProcessInApplicationTrust>b__a()
   at System.Web.Mvc.SecurityUtil.<GetCallInAppTrustThunk>b__0(Action f)
   at System.Web.Mvc.SecurityUtil.ProcessInApplicationTrust(Action action)
   at System.Web.Mvc.SecurityUtil.ProcessInApplicationTrust[TResult](Func`1 func)
   at System.Web.Mvc.MvcHandler.BeginProcessRequest(HttpContextBase httpContext, AsyncCallback callback, Object state)
   at System.Web.Mvc.MvcHandler.BeginProcessRequest(HttpContext httpContext, AsyncCallback callback, Object state)
   at System.Web.Mvc.MvcHandler.System.Web.IHttpAsyncHandler.BeginProcessRequest(HttpContext context, AsyncCallback cb, Object extraData)
   at System.Web.HttpApplication.CallHandlerExecutionStep.System.Web.HttpApplication.IExecutionStep.Execute()
   at System.Web.HttpApplication.ExecuteStep(IExecutionStep step, Boolean& completedSynchronously)
2012-09-29 18:35:08.0663 WARN Unhandled exception trying to access http://localhost:1149/favicon.ico: The controller for path '/favicon.ico' was not found or does not implement IController. | Stack Trace:    at System.Web.Mvc.DefaultControllerFactory.GetControllerInstance(RequestContext requestContext, Type controllerType)
   at System.Web.Mvc.DefaultControllerFactory.CreateController(RequestContext requestContext, String controllerName)
   at System.Web.Mvc.MvcHandler.ProcessRequestInit(HttpContextBase httpContext, IController& controller, IControllerFactory& factory)
   at System.Web.Mvc.MvcHandler.<>c__DisplayClass6.<BeginProcessRequest>b__2()
   at System.Web.Mvc.SecurityUtil.<>c__DisplayClassb`1.<ProcessInApplicationTrust>b__a()
   at System.Web.Mvc.SecurityUtil.<GetCallInAppTrustThunk>b__0(Action f)
   at System.Web.Mvc.SecurityUtil.ProcessInApplicationTrust(Action action)
   at System.Web.Mvc.SecurityUtil.ProcessInApplicationTrust[TResult](Func`1 func)
   at System.Web.Mvc.MvcHandler.BeginProcessRequest(HttpContextBase httpContext, AsyncCallback callback, Object state)
   at System.Web.Mvc.MvcHandler.BeginProcessRequest(HttpContext httpContext, AsyncCallback callback, Object state)
   at System.Web.Mvc.MvcHandler.System.Web.IHttpAsyncHandler.BeginProcessRequest(HttpContext context, AsyncCallback cb, Object extraData)
   at System.Web.HttpApplication.CallHandlerExecutionStep.System.Web.HttpApplication.IExecutionStep.Execute()
   at System.Web.HttpApplication.ExecuteStep(IExecutionStep step, Boolean& completedSynchronously)
2012-09-29 18:35:09.1704 DEBUG Checking that nLogger is working from Index
2012-09-29 18:35:09.5774 WARN Unhandled exception trying to access http://localhost:1149/favicon.ico: The controller for path '/favicon.ico' was not found or does not implement IController. | Stack Trace:    at System.Web.Mvc.DefaultControllerFactory.GetControllerInstance(RequestContext requestContext, Type controllerType)
   at System.Web.Mvc.DefaultControllerFactory.CreateController(RequestContext requestContext, String controllerName)
   at System.Web.Mvc.MvcHandler.ProcessRequestInit(HttpContextBase httpContext, IController& controller, IControllerFactory& factory)
   at System.Web.Mvc.MvcHandler.<>c__DisplayClass6.<BeginProcessRequest>b__2()
   at System.Web.Mvc.SecurityUtil.<>c__DisplayClassb`1.<ProcessInApplicationTrust>b__a()
   at System.Web.Mvc.SecurityUtil.<GetCallInAppTrustThunk>b__0(Action f)
   at System.Web.Mvc.SecurityUtil.ProcessInApplicationTrust(Action action)
   at System.Web.Mvc.SecurityUtil.ProcessInApplicationTrust[TResult](Func`1 func)
   at System.Web.Mvc.MvcHandler.BeginProcessRequest(HttpContextBase httpContext, AsyncCallback callback, Object state)
   at System.Web.Mvc.MvcHandler.BeginProcessRequest(HttpContext httpContext, AsyncCallback callback, Object state)
   at System.Web.Mvc.MvcHandler.System.Web.IHttpAsyncHandler.BeginProcessRequest(HttpContext context, AsyncCallback cb, Object extraData)
   at System.Web.HttpApplication.CallHandlerExecutionStep.System.Web.HttpApplication.IExecutionStep.Execute()
   at System.Web.HttpApplication.ExecuteStep(IExecutionStep step, Boolean& completedSynchronously)
2012-09-29 18:35:15.7698 DEBUG Checking that nLogger is working from Index
2012-09-29 18:35:16.2198 WARN Unhandled exception trying to access http://localhost:1149/favicon.ico: The controller for path '/favicon.ico' was not found or does not implement IController. | Stack Trace:    at System.Web.Mvc.DefaultControllerFactory.GetControllerInstance(RequestContext requestContext, Type controllerType)
   at System.Web.Mvc.DefaultControllerFactory.CreateController(RequestContext requestContext, String controllerName)
   at System.Web.Mvc.MvcHandler.ProcessRequestInit(HttpContextBase httpContext, IController& controller, IControllerFactory& factory)
   at System.Web.Mvc.MvcHandler.<>c__DisplayClass6.<BeginProcessRequest>b__2()
   at System.Web.Mvc.SecurityUtil.<>c__DisplayClassb`1.<ProcessInApplicationTrust>b__a()
   at System.Web.Mvc.SecurityUtil.<GetCallInAppTrustThunk>b__0(Action f)
   at System.Web.Mvc.SecurityUtil.ProcessInApplicationTrust(Action action)
   at System.Web.Mvc.SecurityUtil.ProcessInApplicationTrust[TResult](Func`1 func)
   at System.Web.Mvc.MvcHandler.BeginProcessRequest(HttpContextBase httpContext, AsyncCallback callback, Object state)
   at System.Web.Mvc.MvcHandler.BeginProcessRequest(HttpContext httpContext, AsyncCallback callback, Object state)
   at System.Web.Mvc.MvcHandler.System.Web.IHttpAsyncHandler.BeginProcessRequest(HttpContext context, AsyncCallback cb, Object extraData)
   at System.Web.HttpApplication.CallHandlerExecutionStep.System.Web.HttpApplication.IExecutionStep.Execute()
   at System.Web.HttpApplication.ExecuteStep(IExecutionStep step, Boolean& completedSynchronously)
2012-09-29 18:35:51.9569 WARN Unhandled exception trying to access http://localhost:1149/favicon.ico: The controller for path '/favicon.ico' was not found or does not implement IController. | Stack Trace:    at System.Web.Mvc.DefaultControllerFactory.GetControllerInstance(RequestContext requestContext, Type controllerType)
   at System.Web.Mvc.DefaultControllerFactory.CreateController(RequestContext requestContext, String controllerName)
   at System.Web.Mvc.MvcHandler.ProcessRequestInit(HttpContextBase httpContext, IController& controller, IControllerFactory& factory)
   at System.Web.Mvc.MvcHandler.<>c__DisplayClass6.<BeginProcessRequest>b__2()
   at System.Web.Mvc.SecurityUtil.<>c__DisplayClassb`1.<ProcessInApplicationTrust>b__a()
   at System.Web.Mvc.SecurityUtil.<GetCallInAppTrustThunk>b__0(Action f)
   at System.Web.Mvc.SecurityUtil.ProcessInApplicationTrust(Action action)
   at System.Web.Mvc.SecurityUtil.ProcessInApplicationTrust[TResult](Func`1 func)
   at System.Web.Mvc.MvcHandler.BeginProcessRequest(HttpContextBase httpContext, AsyncCallback callback, Object state)
   at System.Web.Mvc.MvcHandler.BeginProcessRequest(HttpContext httpContext, AsyncCallback callback, Object state)
   at System.Web.Mvc.MvcHandler.System.Web.IHttpAsyncHandler.BeginProcessRequest(HttpContext context, AsyncCallback cb, Object extraData)
   at System.Web.HttpApplication.CallHandlerExecutionStep.System.Web.HttpApplication.IExecutionStep.Execute()
   at System.Web.HttpApplication.ExecuteStep(IExecutionStep step, Boolean& completedSynchronously)
2012-09-29 18:36:19.5804 DEBUG Checking that nLogger is working from Index
2012-09-29 18:36:20.8005 WARN Unhandled exception trying to access http://localhost:1149/favicon.ico: The controller for path '/favicon.ico' was not found or does not implement IController. | Stack Trace:    at System.Web.Mvc.DefaultControllerFactory.GetControllerInstance(RequestContext requestContext, Type controllerType)
   at System.Web.Mvc.DefaultControllerFactory.CreateController(RequestContext requestContext, String controllerName)
   at System.Web.Mvc.MvcHandler.ProcessRequestInit(HttpContextBase httpContext, IController& controller, IControllerFactory& factory)
   at System.Web.Mvc.MvcHandler.<>c__DisplayClass6.<BeginProcessRequest>b__2()
   at System.Web.Mvc.SecurityUtil.<>c__DisplayClassb`1.<ProcessInApplicationTrust>b__a()
   at System.Web.Mvc.SecurityUtil.<GetCallInAppTrustThunk>b__0(Action f)
   at System.Web.Mvc.SecurityUtil.ProcessInApplicationTrust(Action action)
   at System.Web.Mvc.SecurityUtil.ProcessInApplicationTrust[TResult](Func`1 func)
   at System.Web.Mvc.MvcHandler.BeginProcessRequest(HttpContextBase httpContext, AsyncCallback callback, Object state)
   at System.Web.Mvc.MvcHandler.BeginProcessRequest(HttpContext httpContext, AsyncCallback callback, Object state)
   at System.Web.Mvc.MvcHandler.System.Web.IHttpAsyncHandler.BeginProcessRequest(HttpContext context, AsyncCallback cb, Object extraData)
   at System.Web.HttpApplication.CallHandlerExecutionStep.System.Web.HttpApplication.IExecutionStep.Execute()
   at System.Web.HttpApplication.ExecuteStep(IExecutionStep step, Boolean& completedSynchronously)
2012-09-29 18:36:27.1689 WARN Unhandled exception trying to access http://localhost:1149/favicon.ico: The controller for path '/favicon.ico' was not found or does not implement IController. | Stack Trace:    at System.Web.Mvc.DefaultControllerFactory.GetControllerInstance(RequestContext requestContext, Type controllerType)
   at System.Web.Mvc.DefaultControllerFactory.CreateController(RequestContext requestContext, String controllerName)
   at System.Web.Mvc.MvcHandler.ProcessRequestInit(HttpContextBase httpContext, IController& controller, IControllerFactory& factory)
   at System.Web.Mvc.MvcHandler.<>c__DisplayClass6.<BeginProcessRequest>b__2()
   at System.Web.Mvc.SecurityUtil.<>c__DisplayClassb`1.<ProcessInApplicationTrust>b__a()
   at System.Web.Mvc.SecurityUtil.<GetCallInAppTrustThunk>b__0(Action f)
   at System.Web.Mvc.SecurityUtil.ProcessInApplicationTrust(Action action)
   at System.Web.Mvc.SecurityUtil.ProcessInApplicationTrust[TResult](Func`1 func)
   at System.Web.Mvc.MvcHandler.BeginProcessRequest(HttpContextBase httpContext, AsyncCallback callback, Object state)
   at System.Web.Mvc.MvcHandler.BeginProcessRequest(HttpContext httpContext, AsyncCallback callback, Object state)
   at System.Web.Mvc.MvcHandler.System.Web.IHttpAsyncHandler.BeginProcessRequest(HttpContext context, AsyncCallback cb, Object extraData)
   at System.Web.HttpApplication.CallHandlerExecutionStep.System.Web.HttpApplication.IExecutionStep.Execute()
   at System.Web.HttpApplication.ExecuteStep(IExecutionStep step, Boolean& completedSynchronously)
2012-09-29 18:48:29.9192 DEBUG Checking that nLogger is working from Index
2012-09-29 19:15:08.7377 DEBUG Checking that nLogger is working from Index
2012-09-29 19:15:12.7539 WARN Unhandled exception trying to access http://localhost:1149/favicon.ico: The controller for path '/favicon.ico' was not found or does not implement IController. | Stack Trace:    at System.Web.Mvc.DefaultControllerFactory.GetControllerInstance(RequestContext requestContext, Type controllerType)
   at System.Web.Mvc.DefaultControllerFactory.CreateController(RequestContext requestContext, String controllerName)
   at System.Web.Mvc.MvcHandler.ProcessRequestInit(HttpContextBase httpContext, IController& controller, IControllerFactory& factory)
   at System.Web.Mvc.MvcHandler.<>c__DisplayClass6.<BeginProcessRequest>b__2()
   at System.Web.Mvc.SecurityUtil.<>c__DisplayClassb`1.<ProcessInApplicationTrust>b__a()
   at System.Web.Mvc.SecurityUtil.<GetCallInAppTrustThunk>b__0(Action f)
   at System.Web.Mvc.SecurityUtil.ProcessInApplicationTrust(Action action)
   at System.Web.Mvc.SecurityUtil.ProcessInApplicationTrust[TResult](Func`1 func)
   at System.Web.Mvc.MvcHandler.BeginProcessRequest(HttpContextBase httpContext, AsyncCallback callback, Object state)
   at System.Web.Mvc.MvcHandler.BeginProcessRequest(HttpContext httpContext, AsyncCallback callback, Object state)
   at System.Web.Mvc.MvcHandler.System.Web.IHttpAsyncHandler.BeginProcessRequest(HttpContext context, AsyncCallback cb, Object extraData)
   at System.Web.HttpApplication.CallHandlerExecutionStep.System.Web.HttpApplication.IExecutionStep.Execute()
   at System.Web.HttpApplication.ExecuteStep(IExecutionStep step, Boolean& completedSynchronously)
2012-09-29 19:15:16.4171 WARN Unhandled exception trying to access http://localhost:1149/favicon.ico: The controller for path '/favicon.ico' was not found or does not implement IController. | Stack Trace:    at System.Web.Mvc.DefaultControllerFactory.GetControllerInstance(RequestContext requestContext, Type controllerType)
   at System.Web.Mvc.DefaultControllerFactory.CreateController(RequestContext requestContext, String controllerName)
   at System.Web.Mvc.MvcHandler.ProcessRequestInit(HttpContextBase httpContext, IController& controller, IControllerFactory& factory)
   at System.Web.Mvc.MvcHandler.<>c__DisplayClass6.<BeginProcessRequest>b__2()
   at System.Web.Mvc.SecurityUtil.<>c__DisplayClassb`1.<ProcessInApplicationTrust>b__a()
   at System.Web.Mvc.SecurityUtil.<GetCallInAppTrustThunk>b__0(Action f)
   at System.Web.Mvc.SecurityUtil.ProcessInApplicationTrust(Action action)
   at System.Web.Mvc.SecurityUtil.ProcessInApplicationTrust[TResult](Func`1 func)
   at System.Web.Mvc.MvcHandler.BeginProcessRequest(HttpContextBase httpContext, AsyncCallback callback, Object state)
   at System.Web.Mvc.MvcHandler.BeginProcessRequest(HttpContext httpContext, AsyncCallback callback, Object state)
   at System.Web.Mvc.MvcHandler.System.Web.IHttpAsyncHandler.BeginProcessRequest(HttpContext context, AsyncCallback cb, Object extraData)
   at System.Web.HttpApplication.CallHandlerExecutionStep.System.Web.HttpApplication.IExecutionStep.Execute()
   at System.Web.HttpApplication.ExecuteStep(IExecutionStep step, Boolean& completedSynchronously)
2012-09-29 19:15:19.3603 WARN Unhandled exception trying to access http://localhost:1149/favicon.ico: The controller for path '/favicon.ico' was not found or does not implement IController. | Stack Trace:    at System.Web.Mvc.DefaultControllerFactory.GetControllerInstance(RequestContext requestContext, Type controllerType)
   at System.Web.Mvc.DefaultControllerFactory.CreateController(RequestContext requestContext, String controllerName)
   at System.Web.Mvc.MvcHandler.ProcessRequestInit(HttpContextBase httpContext, IController& controller, IControllerFactory& factory)
   at System.Web.Mvc.MvcHandler.<>c__DisplayClass6.<BeginProcessRequest>b__2()
   at System.Web.Mvc.SecurityUtil.<>c__DisplayClassb`1.<ProcessInApplicationTrust>b__a()
   at System.Web.Mvc.SecurityUtil.<GetCallInAppTrustThunk>b__0(Action f)
   at System.Web.Mvc.SecurityUtil.ProcessInApplicationTrust(Action action)
   at System.Web.Mvc.SecurityUtil.ProcessInApplicationTrust[TResult](Func`1 func)
   at System.Web.Mvc.MvcHandler.BeginProcessRequest(HttpContextBase httpContext, AsyncCallback callback, Object state)
   at System.Web.Mvc.MvcHandler.BeginProcessRequest(HttpContext httpContext, AsyncCallback callback, Object state)
   at System.Web.Mvc.MvcHandler.System.Web.IHttpAsyncHandler.BeginProcessRequest(HttpContext context, AsyncCallback cb, Object extraData)
   at System.Web.HttpApplication.CallHandlerExecutionStep.System.Web.HttpApplication.IExecutionStep.Execute()
   at System.Web.HttpApplication.ExecuteStep(IExecutionStep step, Boolean& completedSynchronously)
2012-09-29 19:15:23.1585 DEBUG Checking that nLogger is working from Index
2012-09-29 19:15:23.5925 WARN Unhandled exception trying to access http://localhost:1149/favicon.ico: The controller for path '/favicon.ico' was not found or does not implement IController. | Stack Trace:    at System.Web.Mvc.DefaultControllerFactory.GetControllerInstance(RequestContext requestContext, Type controllerType)
   at System.Web.Mvc.DefaultControllerFactory.CreateController(RequestContext requestContext, String controllerName)
   at System.Web.Mvc.MvcHandler.ProcessRequestInit(HttpContextBase httpContext, IController& controller, IControllerFactory& factory)
   at System.Web.Mvc.MvcHandler.<>c__DisplayClass6.<BeginProcessRequest>b__2()
   at System.Web.Mvc.SecurityUtil.<>c__DisplayClassb`1.<ProcessInApplicationTrust>b__a()
   at System.Web.Mvc.SecurityUtil.<GetCallInAppTrustThunk>b__0(Action f)
   at System.Web.Mvc.SecurityUtil.ProcessInApplicationTrust(Action action)
   at System.Web.Mvc.SecurityUtil.ProcessInApplicationTrust[TResult](Func`1 func)
   at System.Web.Mvc.MvcHandler.BeginProcessRequest(HttpContextBase httpContext, AsyncCallback callback, Object state)
   at System.Web.Mvc.MvcHandler.BeginProcessRequest(HttpContext httpContext, AsyncCallback callback, Object state)
   at System.Web.Mvc.MvcHandler.System.Web.IHttpAsyncHandler.BeginProcessRequest(HttpContext context, AsyncCallback cb, Object extraData)
   at System.Web.HttpApplication.CallHandlerExecutionStep.System.Web.HttpApplication.IExecutionStep.Execute()
   at System.Web.HttpApplication.ExecuteStep(IExecutionStep step, Boolean& completedSynchronously)
